Arguments: 
  C:\Program Files\nodejs\node.exe C:\Users\Joao\AppData\Roaming\npm\node_modules\yarn\bin\yarn.js run test

PATH: 
  C:\Python310\Scripts\;C:\Python310\;C:\Program Files (x86)\Common Files\Oracle\Java\javapath;C:\ProgramData\Oracle\Java\javapath;C:\WINDOWS\system32;C:\WINDOWS;C:\WINDOWS\System32\Wbem;C:\WINDOWS\System32\WindowsPowerShell\v1.0\;C:\WINDOWS\System32\OpenSSH\;C:\Program Files (x86)\NVIDIA Corporation\PhysX\Common;C:\Program Files\NVIDIA Corporation\NVIDIA NvDLISR;C:\Program Files\nodejs\;C:\ProgramData\chocolatey\bin;C:\Program Files\Microsoft SQL Server\150\Tools\Binn\;C:\Program Files\Microsoft SQL Server\Client SDK\ODBC\170\Tools\Binn\;C:\Program Files\dotnet\;C:\Program Files\Git\cmd;C:\Program Files\MySQL\MySQL Shell 8.0\bin\;C:\Users\Joao\AppData\Local\Programs\Python\Python39\Scripts\;C:\Users\Joao\AppData\Local\Programs\Python\Python39\;C:\Users\Joao\AppData\Local\Microsoft\WindowsApps;C:\Users\Joao\AppData\Local\Programs\Microsoft VS Code\bin;C:\Users\Joao\AppData\Roaming\npm;C:\Users\Joao\.dotnet\tools

Yarn version: 
  1.22.18

Node version: 
  16.14.1

Platform: 
  win32 x64

Trace: 
  SyntaxError: C:\Users\Joao\Pictures\Node-express-mysql-api\vagas-backend\package.json: Unexpected token / in JSON at position 248
      at JSON.parse (<anonymous>)
      at C:\Users\Joao\AppData\Roaming\npm\node_modules\yarn\lib\cli.js:1625:59
      at Generator.next (<anonymous>)
      at step (C:\Users\Joao\AppData\Roaming\npm\node_modules\yarn\lib\cli.js:310:30)
      at C:\Users\Joao\AppData\Roaming\npm\node_modules\yarn\lib\cli.js:321:13

npm manifest: 
  {
    "name": "vagas-backend",
    "version": "1.0.0",
    "description": "",
    "main": "index.js",
    "type": "module",
    "scripts": {
      "test": "jest --coverage ",
      "dev": "npx nodemon src/index",
      "test:cov": "jest --runInBand --coverage"
    }, /*--runInBand in test*/
    "repository": {
      "type": "git",
      "url": "git+https://github.com/mate85-vagas/vagas-backend.git"
    },
    "keywords": [],
    "author": "",
    "license": "ISC",
    "bugs": {
      "url": "https://github.com/mate85-vagas/vagas-backend/issues"
    },
    "homepage": "https://github.com/mate85-vagas/vagas-backend#readme",
    "dependencies": {
      "bcrypt": "^5.0.1",
      "cors": "^2.8.5",
      "dotenv": "^16.0.0",
      "express": "^4.17.3",
      "helmet": "^5.0.2",
      "js-yaml": "^4.1.0",
      "jsonwebtoken": "^8.5.1",
      "mysql2": "^2.3.3",
      "sequelize": "^6.17.0",
      "swagger-ui-express": "^4.3.0"
    },
    "devDependencies": {
      "@babel/preset-env": "^7.16.11",
      "babel-jest": "^27.5.1",
      "chance": "^1.1.8",
      "eslint": "^8.12.0",
      "jest": "^27.5.1",
      "nodemon": "^2.0.15",
      "prettier": "^2.6.1"
    }
  }

yarn manifest: 
  No manifest

Lockfile: 
  No lockfile
